#
# There is insufficient memory for the Java Runtime Environment to continue.
# Native memory allocation (malloc) failed to allocate 1574736 bytes. Error detail: Chunk::new
# Possible reasons:
#   The system is out of physical RAM or swap space
#   This process is running with CompressedOops enabled, and the Java Heap may be blocking the growth of the native heap
# Possible solutions:
#   Reduce memory load on the system
#   Increase physical memory or swap space
#   Check if swap backing store is full
#   Decrease Java heap size (-Xmx/-Xms)
#   Decrease number of Java threads
#   Decrease Java thread stack sizes (-Xss)
#   Set larger code cache with -XX:ReservedCodeCacheSize=
#   JVM is running with Unscaled Compressed Oops mode in which the Java heap is
#     placed in the first 4GB address space. The Java Heap base address is the
#     maximum limit for the native heap growth. Please use -XX:HeapBaseMinAddress
#     to set the Java Heap base and to place the Java Heap above 4GB virtual address.
# This output file may be truncated or incomplete.
#
#  Out of Memory Error (arena.cpp:191), pid=5800, tid=19696
#
# JRE version: OpenJDK Runtime Environment Temurin-17.0.12+7 (17.0.12+7) (build 17.0.12+7)
# Java VM: OpenJDK 64-Bit Server VM Temurin-17.0.12+7 (17.0.12+7, mixed mode, tiered, compressed oops, compressed class ptrs, parallel gc, windows-amd64)
# No core dump will be written. Minidumps are not enabled by default on client versions of Windows
#

---------------  S U M M A R Y ------------

Command Line: --add-modules=ALL-SYSTEM --add-opens=java.base/java.util=ALL-UNNAMED --add-opens=java.base/java.lang=ALL-UNNAMED --add-opens=java.base/sun.nio.fs=ALL-UNNAMED -Declipse.application=org.eclipse.jdt.ls.core.id1 -Dosgi.bundles.defaultStartLevel=4 -Declipse.product=org.eclipse.jdt.ls.core.product -Djava.import.generatesMetadataFilesAtProjectRoot=false -DDetectVMInstallationsJob.disabled=true -Dfile.encoding=utf8 -XX:+UseParallelGC -XX:GCTimeRatio=4 -XX:AdaptiveSizePolicyWeight=90 -Dsun.zip.disableMemoryMapping=true -Xmx1G -Xms100m -Xlog:disable -javaagent:c:\Users\Lenovo\.vscode\extensions\redhat.java-1.35.1-win32-x64\lombok\lombok-1.18.33.jar c:\Users\Lenovo\.vscode\extensions\redhat.java-1.35.1-win32-x64\server\plugins\org.eclipse.equinox.launcher_1.6.900.v20240613-2009.jar -configuration c:\Users\Lenovo\AppData\Roaming\Code\User\globalStorage\redhat.java\1.35.1\config_ss_win -data c:\Users\Lenovo\AppData\Roaming\Code\User\workspaceStorage\4c71f82ac7ed1b80c51f72001c6366af\redhat.java\ss_ws --pipe=\\.\pipe\lsp-a8a3223fec1f41faaaba7d2e5632bba9-sock

Host: 11th Gen Intel(R) Core(TM) i3-1115G4 @ 3.00GHz, 4 cores, 7G,  Windows 11 , 64 bit Build 22621 (10.0.22621.3958)
Time: Sun Oct  6 19:54:55 2024 Myanmar Standard Time elapsed time: 16.586797 seconds (0d 0h 0m 16s)

---------------  T H R E A D  ---------------

Current thread (0x000001f76a8be3c0):  JavaThread "C2 CompilerThread0" daemon [_thread_in_native, id=19696, stack(0x0000003ff5300000,0x0000003ff5400000)]


Current CompileTask:
C2:  16586 2322       4       org.lombokweb.asm.ClassReader::readMethod (1070 bytes)

Stack: [0x0000003ff5300000,0x0000003ff5400000]
Native frames: (J=compiled Java code, j=interpreted, Vv=VM code, C=native code)
V  [jvm.dll+0x67f929]
V  [jvm.dll+0x8371ba]
V  [jvm.dll+0x838c7e]
V  [jvm.dll+0x8392e3]
V  [jvm.dll+0x24834f]
V  [jvm.dll+0xac9d4]
V  [jvm.dll+0xad01c]
V  [jvm.dll+0x367452]
V  [jvm.dll+0x33197a]
V  [jvm.dll+0x330e1a]
V  [jvm.dll+0x21a8b1]
V  [jvm.dll+0x219cf1]
V  [jvm.dll+0x1a58bd]
V  [jvm.dll+0x229a2d]
V  [jvm.dll+0x227bdc]
V  [jvm.dll+0x7ec1f7]
V  [jvm.dll+0x7e65dc]
V  [jvm.dll+0x67e7f7]
C  [ucrtbase.dll+0x29333]
C  [KERNEL32.DLL+0x1257d]
C  [ntdll.dll+0x5af08]


---------------  P R O C E S S  ---------------

Threads class SMR info:
_java_thread_list=0x000001f7705deda0, length=20, elements={
0x000001f756a58d20, 0x000001f76a897030, 0x000001f76a898520, 0x000001f76fa9c090,
0x000001f76fa9c960, 0x000001f76fa9fae0, 0x000001f76a8bd710, 0x000001f76a8be3c0,
0x000001f76a8de860, 0x000001f76fae74d0, 0x000001f76fbc0220, 0x000001f76fddc940,
0x000001f770518560, 0x000001f7704ecfe0, 0x000001f76fe03e10, 0x000001f76fe02ba0,
0x000001f76fe8c050, 0x000001f7701633d0, 0x000001f770164300, 0x000001f770161a80
}

Java Threads: ( => current thread )
  0x000001f756a58d20 JavaThread "main" [_thread_blocked, id=8664, stack(0x0000003ff4a00000,0x0000003ff4b00000)]
  0x000001f76a897030 JavaThread "Reference Handler" daemon [_thread_blocked, id=27412, stack(0x0000003ff4d00000,0x0000003ff4e00000)]
  0x000001f76a898520 JavaThread "Finalizer" daemon [_thread_blocked, id=27488, stack(0x0000003ff4e00000,0x0000003ff4f00000)]
  0x000001f76fa9c090 JavaThread "Signal Dispatcher" daemon [_thread_blocked, id=16436, stack(0x0000003ff4f00000,0x0000003ff5000000)]
  0x000001f76fa9c960 JavaThread "Attach Listener" daemon [_thread_blocked, id=26220, stack(0x0000003ff5000000,0x0000003ff5100000)]
  0x000001f76fa9fae0 JavaThread "Service Thread" daemon [_thread_blocked, id=23060, stack(0x0000003ff5100000,0x0000003ff5200000)]
  0x000001f76a8bd710 JavaThread "Monitor Deflation Thread" daemon [_thread_blocked, id=4108, stack(0x0000003ff5200000,0x0000003ff5300000)]
=>0x000001f76a8be3c0 JavaThread "C2 CompilerThread0" daemon [_thread_in_native, id=19696, stack(0x0000003ff5300000,0x0000003ff5400000)]
  0x000001f76a8de860 JavaThread "C1 CompilerThread0" daemon [_thread_blocked, id=15548, stack(0x0000003ff5400000,0x0000003ff5500000)]
  0x000001f76fae74d0 JavaThread "Sweeper thread" daemon [_thread_blocked, id=24932, stack(0x0000003ff5500000,0x0000003ff5600000)]
  0x000001f76fbc0220 JavaThread "Common-Cleaner" daemon [_thread_blocked, id=1828, stack(0x0000003ff5600000,0x0000003ff5700000)]
  0x000001f76fddc940 JavaThread "Notification Thread" daemon [_thread_blocked, id=25184, stack(0x0000003ff5700000,0x0000003ff5800000)]
  0x000001f770518560 JavaThread "Active Thread: Equinox Container: ee261316-c275-47c1-a277-872ece015060" [_thread_blocked, id=24552, stack(0x0000003ff5c00000,0x0000003ff5d00000)]
  0x000001f7704ecfe0 JavaThread "Framework Event Dispatcher: Equinox Container: ee261316-c275-47c1-a277-872ece015060" daemon [_thread_blocked, id=17200, stack(0x0000003ff5d00000,0x0000003ff5e00000)]
  0x000001f76fe03e10 JavaThread "Start Level: Equinox Container: ee261316-c275-47c1-a277-872ece015060" daemon [_thread_in_native, id=13976, stack(0x0000003ff5e00000,0x0000003ff5f00000)]
  0x000001f76fe02ba0 JavaThread "SCR Component Actor" daemon [_thread_blocked, id=22932, stack(0x0000003ff5f00000,0x0000003ff6000000)]
  0x000001f76fe8c050 JavaThread "SCR Component Registry" daemon [_thread_blocked, id=24448, stack(0x0000003ff6000000,0x0000003ff6100000)]
  0x000001f7701633d0 JavaThread "Worker-JM" [_thread_blocked, id=13812, stack(0x0000003ff6100000,0x0000003ff6200000)]
  0x000001f770164300 JavaThread "Worker-0" [_thread_blocked, id=8800, stack(0x0000003ff6200000,0x0000003ff6300000)]
  0x000001f770161a80 JavaThread "Worker-1" [_thread_blocked, id=15832, stack(0x0000003ff6300000,0x0000003ff6400000)]

Other Threads:
  0x000001f76a880580 VMThread "VM Thread" [stack: 0x0000003ff4c00000,0x0000003ff4d00000] [id=26768]
  0x000001f76fcd8c40 WatcherThread [stack: 0x0000003ff5800000,0x0000003ff5900000] [id=26428]
  0x000001f756a6c1a0 GCTaskThread "GC Thread#0" [stack: 0x0000003ff4b00000,0x0000003ff4c00000] [id=20444]
  0x000001f7701f4af0 GCTaskThread "GC Thread#1" [stack: 0x0000003ff5900000,0x0000003ff5a00000] [id=26848]
  0x000001f7701f4db0 GCTaskThread "GC Thread#2" [stack: 0x0000003ff5a00000,0x0000003ff5b00000] [id=22140]
  0x000001f77022d560 GCTaskThread "GC Thread#3" [stack: 0x0000003ff5b00000,0x0000003ff5c00000] [id=22296]

Threads with active compile tasks:
C2 CompilerThread0    16660 2322       4       org.lombokweb.asm.ClassReader::readMethod (1070 bytes)

VM state: not at safepoint (normal execution)

VM Mutex/Monitor currently owned by a thread: None

Heap address: 0x00000000c0000000, size: 1024 MB, Compressed Oops mode: 32-bit

CDS archive(s) not mapped
Compressed class space mapped at: 0x0000000100000000-0x0000000140000000, reserved size: 1073741824
Narrow klass base: 0x0000000000000000, Narrow klass shift: 3, Narrow klass range: 0x140000000

GC Precious Log:
 CPUs: 4 total, 4 available
 Memory: 7975M
 Large Page Support: Disabled
 NUMA Support: Disabled
 Compressed Oops: Enabled (32-bit)
 Alignments: Space 512K, Generation 512K, Heap 2M
 Heap Min Capacity: 100M
 Heap Initial Capacity: 100M
 Heap Max Capacity: 1G
 Pre-touch: Disabled
 Parallel Workers: 4

Heap:
 PSYoungGen      total 25600K, used 14392K [0x00000000eab00000, 0x00000000ec880000, 0x0000000100000000)
  eden space 25088K, 55% used [0x00000000eab00000,0x00000000eb890be0,0x00000000ec380000)
  from space 512K, 97% used [0x00000000ec400000,0x00000000ec47d4e0,0x00000000ec480000)
  to   space 2560K, 0% used [0x00000000ec600000,0x00000000ec600000,0x00000000ec880000)
 ParOldGen       total 68608K, used 6894K [0x00000000c0000000, 0x00000000c4300000, 0x00000000eab00000)
  object space 68608K, 10% used [0x00000000c0000000,0x00000000c06bbb10,0x00000000c4300000)
 Metaspace       used 26147K, committed 26624K, reserved 1114112K
  class space    used 2538K, committed 2752K, reserved 1048576K

Card table byte_map: [0x000001f7563e0000,0x000001f7565f0000] _byte_map_base: 0x000001f755de0000

Marking Bits: (ParMarkBitMap*) 0x00007ff8ad2158b0
 Begin Bits: [0x000001f7686e0000, 0x000001f7696e0000)
 End Bits:   [0x000001f7696e0000, 0x000001f76a6e0000)

Polling page: 0x000001f7549d0000

Metaspace:

Usage:
  Non-class:     23.06 MB used.
      Class:      2.48 MB used.
       Both:     25.53 MB used.

Virtual space:
  Non-class space:       64.00 MB reserved,      23.31 MB ( 36%) committed,  1 nodes.
      Class space:        1.00 GB reserved,       2.69 MB ( <1%) committed,  1 nodes.
             Both:        1.06 GB reserved,      26.00 MB (  2%) committed. 

Chunk freelists:
   Non-Class:  8.03 MB
       Class:  13.31 MB
        Both:  21.35 MB

MaxMetaspaceSize: unlimited
CompressedClassSpaceSize: 1.00 GB
Initial GC threshold: 21.00 MB
Current GC threshold: 35.00 MB
CDS: off
MetaspaceReclaimPolicy: balanced
 - commit_granule_bytes: 65536.
 - commit_granule_words: 8192.
 - virtual_space_node_default_size: 8388608.
 - enlarge_chunks_in_place: 1.
 - new_chunks_are_fully_committed: 0.
 - uncommit_free_chunks: 1.
 - use_allocation_guard: 0.
 - handle_deallocations: 1.


Internal statistics:

num_allocs_failed_limit: 3.
num_arena_births: 282.
num_arena_deaths: 14.
num_vsnodes_births: 2.
num_vsnodes_deaths: 0.
num_space_committed: 416.
num_space_uncommitted: 0.
num_chunks_returned_to_freelist: 17.
num_chunks_taken_from_freelist: 987.
num_chunk_merges: 9.
num_chunk_splits: 654.
num_chunks_enlarged: 453.
num_inconsistent_stats: 0.

CodeHeap 'non-profiled nmethods': size=120000Kb used=937Kb max_used=937Kb free=119063Kb
 bounds [0x000001f7611b0000, 0x000001f761420000, 0x000001f7686e0000]
CodeHeap 'profiled nmethods': size=120000Kb used=4541Kb max_used=4541Kb free=115458Kb
 bounds [0x000001f7596e0000, 0x000001f759b50000, 0x000001f760c10000]
CodeHeap 'non-nmethods': size=5760Kb used=1234Kb max_used=1235Kb free=4525Kb
 bounds [0x000001f760c10000, 0x000001f760e80000, 0x000001f7611b0000]
 total_blobs=2869 nmethods=2333 adapters=450
 compilation: enabled
              stopped_count=0, restarted_count=0
 full_count=0

Compilation events (20 events):
Event: 16.470 Thread 0x000001f76a8de860 2327 %     3       org.lombokweb.asm.SymbolTable::<init> @ 98 (536 bytes)
Event: 16.473 Thread 0x000001f76a8de860 nmethod 2327% 0x000001f759b42d90 code [0x000001f759b43340, 0x000001f759b45f48]
Event: 16.473 Thread 0x000001f76a8de860 2330       3       org.lombokweb.asm.MethodWriter::visitLabel (332 bytes)
Event: 16.473 Thread 0x000001f76a8de860 nmethod 2330 0x000001f759b47110 code [0x000001f759b47340, 0x000001f759b47c98]
Event: 16.473 Thread 0x000001f76a8de860 2328       3       org.lombokweb.asm.ByteVector::put11 (52 bytes)
Event: 16.474 Thread 0x000001f76a8de860 nmethod 2328 0x000001f759b47f10 code [0x000001f759b480c0, 0x000001f759b482c8]
Event: 16.474 Thread 0x000001f76a8de860 2331       3       org.lombokweb.asm.MethodVisitor::visitInsn (16 bytes)
Event: 16.474 Thread 0x000001f76a8de860 nmethod 2331 0x000001f759b48410 code [0x000001f759b485c0, 0x000001f759b487c8]
Event: 16.474 Thread 0x000001f76a8de860 2329       1       lombok.patcher.MethodLogistics::getReturnOpcode (5 bytes)
Event: 16.474 Thread 0x000001f76a8de860 nmethod 2329 0x000001f76129a110 code [0x000001f76129a2a0, 0x000001f76129a378]
Event: 16.509 Thread 0x000001f76a8de860 2332       3       org.lombokweb.asm.ClassReader::<init> (359 bytes)
Event: 16.510 Thread 0x000001f76a8de860 nmethod 2332 0x000001f759b48890 code [0x000001f759b48b40, 0x000001f759b49b88]
Event: 16.510 Thread 0x000001f76a8de860 2333       3       org.lombokweb.asm.SymbolTable::<init> (536 bytes)
Event: 16.513 Thread 0x000001f76a8de860 nmethod 2333 0x000001f759b4a110 code [0x000001f759b4a6a0, 0x000001f759b4cfa8]
Event: 16.513 Thread 0x000001f76a8de860 2334       3       org.lombokweb.asm.Label::addForwardReference (102 bytes)
Event: 16.513 Thread 0x000001f76a8de860 nmethod 2334 0x000001f759b4e110 code [0x000001f759b4e2c0, 0x000001f759b4e748]
Event: 16.513 Thread 0x000001f76a8de860 2335       3       org.lombokweb.asm.MethodVisitor::visitJumpInsn (17 bytes)
Event: 16.513 Thread 0x000001f76a8de860 nmethod 2335 0x000001f759b4e910 code [0x000001f759b4eac0, 0x000001f759b4ecc8]
Event: 16.520 Thread 0x000001f76a8de860 2337       3       org.lombokweb.asm.ByteVector::putByteArray (49 bytes)
Event: 16.520 Thread 0x000001f76a8de860 nmethod 2337 0x000001f759b4ed90 code [0x000001f759b4ef40, 0x000001f759b4f218]

GC Heap History (12 events):
Event: 4.007 GC heap before
{Heap before GC invocations=1 (full 0):
 PSYoungGen      total 29696K, used 25600K [0x00000000eab00000, 0x00000000ecc00000, 0x0000000100000000)
  eden space 25600K, 100% used [0x00000000eab00000,0x00000000ec400000,0x00000000ec400000)
  from space 4096K, 0% used [0x00000000ec800000,0x00000000ec800000,0x00000000ecc00000)
  to   space 4096K, 0% used [0x00000000ec400000,0x00000000ec400000,0x00000000ec800000)
 ParOldGen       total 68608K, used 0K [0x00000000c0000000, 0x00000000c4300000, 0x00000000eab00000)
  object space 68608K, 0% used [0x00000000c0000000,0x00000000c0000000,0x00000000c4300000)
 Metaspace       used 10964K, committed 11200K, reserved 1114112K
  class space    used 1088K, committed 1216K, reserved 1048576K
}
Event: 4.062 GC heap after
{Heap after GC invocations=1 (full 0):
 PSYoungGen      total 29696K, used 3165K [0x00000000eab00000, 0x00000000ecc00000, 0x0000000100000000)
  eden space 25600K, 0% used [0x00000000eab00000,0x00000000eab00000,0x00000000ec400000)
  from space 4096K, 77% used [0x00000000ec400000,0x00000000ec7177c8,0x00000000ec800000)
  to   space 4096K, 0% used [0x00000000ec800000,0x00000000ec800000,0x00000000ecc00000)
 ParOldGen       total 68608K, used 0K [0x00000000c0000000, 0x00000000c4300000, 0x00000000eab00000)
  object space 68608K, 0% used [0x00000000c0000000,0x00000000c0000000,0x00000000c4300000)
 Metaspace       used 10964K, committed 11200K, reserved 1114112K
  class space    used 1088K, committed 1216K, reserved 1048576K
}
Event: 11.860 GC heap before
{Heap before GC invocations=2 (full 0):
 PSYoungGen      total 29696K, used 28765K [0x00000000eab00000, 0x00000000ecc00000, 0x0000000100000000)
  eden space 25600K, 100% used [0x00000000eab00000,0x00000000ec400000,0x00000000ec400000)
  from space 4096K, 77% used [0x00000000ec400000,0x00000000ec7177c8,0x00000000ec800000)
  to   space 4096K, 0% used [0x00000000ec800000,0x00000000ec800000,0x00000000ecc00000)
 ParOldGen       total 68608K, used 0K [0x00000000c0000000, 0x00000000c4300000, 0x00000000eab00000)
  object space 68608K, 0% used [0x00000000c0000000,0x00000000c0000000,0x00000000c4300000)
 Metaspace       used 14577K, committed 14784K, reserved 1114112K
  class space    used 1472K, committed 1536K, reserved 1048576K
}
Event: 11.865 GC heap after
{Heap after GC invocations=2 (full 0):
 PSYoungGen      total 29696K, used 4089K [0x00000000eab00000, 0x00000000ecc00000, 0x0000000100000000)
  eden space 25600K, 0% used [0x00000000eab00000,0x00000000eab00000,0x00000000ec400000)
  from space 4096K, 99% used [0x00000000ec800000,0x00000000ecbfe7d0,0x00000000ecc00000)
  to   space 4096K, 0% used [0x00000000ec400000,0x00000000ec400000,0x00000000ec800000)
 ParOldGen       total 68608K, used 772K [0x00000000c0000000, 0x00000000c4300000, 0x00000000eab00000)
  object space 68608K, 1% used [0x00000000c0000000,0x00000000c00c1350,0x00000000c4300000)
 Metaspace       used 14577K, committed 14784K, reserved 1114112K
  class space    used 1472K, committed 1536K, reserved 1048576K
}
Event: 14.512 GC heap before
{Heap before GC invocations=3 (full 0):
 PSYoungGen      total 29696K, used 29689K [0x00000000eab00000, 0x00000000ecc00000, 0x0000000100000000)
  eden space 25600K, 100% used [0x00000000eab00000,0x00000000ec400000,0x00000000ec400000)
  from space 4096K, 99% used [0x00000000ec800000,0x00000000ecbfe7d0,0x00000000ecc00000)
  to   space 4096K, 0% used [0x00000000ec400000,0x00000000ec400000,0x00000000ec800000)
 ParOldGen       total 68608K, used 772K [0x00000000c0000000, 0x00000000c4300000, 0x00000000eab00000)
  object space 68608K, 1% used [0x00000000c0000000,0x00000000c00c1350,0x00000000c4300000)
 Metaspace       used 19529K, committed 19968K, reserved 1114112K
  class space    used 1993K, committed 2176K, reserved 1048576K
}
Event: 14.522 GC heap after
{Heap after GC invocations=3 (full 0):
 PSYoungGen      total 29696K, used 4088K [0x00000000eab00000, 0x00000000ecc00000, 0x0000000100000000)
  eden space 25600K, 0% used [0x00000000eab00000,0x00000000eab00000,0x00000000ec400000)
  from space 4096K, 99% used [0x00000000ec400000,0x00000000ec7fe2e8,0x00000000ec800000)
  to   space 4096K, 0% used [0x00000000ec800000,0x00000000ec800000,0x00000000ecc00000)
 ParOldGen       total 68608K, used 2456K [0x00000000c0000000, 0x00000000c4300000, 0x00000000eab00000)
  object space 68608K, 3% used [0x00000000c0000000,0x00000000c0266218,0x00000000c4300000)
 Metaspace       used 19529K, committed 19968K, reserved 1114112K
  class space    used 1993K, committed 2176K, reserved 1048576K
}
Event: 15.048 GC heap before
{Heap before GC invocations=4 (full 0):
 PSYoungGen      total 29696K, used 13026K [0x00000000eab00000, 0x00000000ecc00000, 0x0000000100000000)
  eden space 25600K, 34% used [0x00000000eab00000,0x00000000eb3ba658,0x00000000ec400000)
  from space 4096K, 99% used [0x00000000ec400000,0x00000000ec7fe2e8,0x00000000ec800000)
  to   space 4096K, 0% used [0x00000000ec800000,0x00000000ec800000,0x00000000ecc00000)
 ParOldGen       total 68608K, used 2456K [0x00000000c0000000, 0x00000000c4300000, 0x00000000eab00000)
  object space 68608K, 3% used [0x00000000c0000000,0x00000000c0266218,0x00000000c4300000)
 Metaspace       used 21024K, committed 21504K, reserved 1114112K
  class space    used 2150K, committed 2368K, reserved 1048576K
}
Event: 15.056 GC heap after
{Heap after GC invocations=4 (full 0):
 PSYoungGen      total 29696K, used 4085K [0x00000000eab00000, 0x00000000ecc00000, 0x0000000100000000)
  eden space 25600K, 0% used [0x00000000eab00000,0x00000000eab00000,0x00000000ec400000)
  from space 4096K, 99% used [0x00000000ec800000,0x00000000ecbfd7f0,0x00000000ecc00000)
  to   space 4096K, 0% used [0x00000000ec400000,0x00000000ec400000,0x00000000ec800000)
 ParOldGen       total 68608K, used 2914K [0x00000000c0000000, 0x00000000c4300000, 0x00000000eab00000)
  object space 68608K, 4% used [0x00000000c0000000,0x00000000c02d8ac8,0x00000000c4300000)
 Metaspace       used 21024K, committed 21504K, reserved 1114112K
  class space    used 2150K, committed 2368K, reserved 1048576K
}
Event: 15.056 GC heap before
{Heap before GC invocations=5 (full 1):
 PSYoungGen      total 29696K, used 4085K [0x00000000eab00000, 0x00000000ecc00000, 0x0000000100000000)
  eden space 25600K, 0% used [0x00000000eab00000,0x00000000eab00000,0x00000000ec400000)
  from space 4096K, 99% used [0x00000000ec800000,0x00000000ecbfd7f0,0x00000000ecc00000)
  to   space 4096K, 0% used [0x00000000ec400000,0x00000000ec400000,0x00000000ec800000)
 ParOldGen       total 68608K, used 2914K [0x00000000c0000000, 0x00000000c4300000, 0x00000000eab00000)
  object space 68608K, 4% used [0x00000000c0000000,0x00000000c02d8ac8,0x00000000c4300000)
 Metaspace       used 21024K, committed 21504K, reserved 1114112K
  class space    used 2150K, committed 2368K, reserved 1048576K
}
Event: 15.085 GC heap after
{Heap after GC invocations=5 (full 1):
 PSYoungGen      total 29696K, used 0K [0x00000000eab00000, 0x00000000ecc00000, 0x0000000100000000)
  eden space 25600K, 0% used [0x00000000eab00000,0x00000000eab00000,0x00000000ec400000)
  from space 4096K, 0% used [0x00000000ec800000,0x00000000ec800000,0x00000000ecc00000)
  to   space 4096K, 0% used [0x00000000ec400000,0x00000000ec400000,0x00000000ec800000)
 ParOldGen       total 68608K, used 6886K [0x00000000c0000000, 0x00000000c4300000, 0x00000000eab00000)
  object space 68608K, 10% used [0x00000000c0000000,0x00000000c06b9b10,0x00000000c4300000)
 Metaspace       used 21011K, committed 21504K, reserved 1114112K
  class space    used 2146K, committed 2368K, reserved 1048576K
}
Event: 16.092 GC heap before
{Heap before GC invocations=6 (full 1):
 PSYoungGen      total 29696K, used 25600K [0x00000000eab00000, 0x00000000ecc00000, 0x0000000100000000)
  eden space 25600K, 100% used [0x00000000eab00000,0x00000000ec400000,0x00000000ec400000)
  from space 4096K, 0% used [0x00000000ec800000,0x00000000ec800000,0x00000000ecc00000)
  to   space 4096K, 0% used [0x00000000ec400000,0x00000000ec400000,0x00000000ec800000)
 ParOldGen       total 68608K, used 6886K [0x00000000c0000000, 0x00000000c4300000, 0x00000000eab00000)
  object space 68608K, 10% used [0x00000000c0000000,0x00000000c06b9b10,0x00000000c4300000)
 Metaspace       used 24076K, committed 24576K, reserved 1114112K
  class space    used 2350K, committed 2624K, reserved 1048576K
}
Event: 16.093 GC heap after
{Heap after GC invocations=6 (full 1):
 PSYoungGen      total 25600K, used 501K [0x00000000eab00000, 0x00000000ec880000, 0x0000000100000000)
  eden space 25088K, 0% used [0x00000000eab00000,0x00000000eab00000,0x00000000ec380000)
  from space 512K, 97% used [0x00000000ec400000,0x00000000ec47d4e0,0x00000000ec480000)
  to   space 2560K, 0% used [0x00000000ec600000,0x00000000ec600000,0x00000000ec880000)
 ParOldGen       total 68608K, used 6894K [0x00000000c0000000, 0x00000000c4300000, 0x00000000eab00000)
  object space 68608K, 10% used [0x00000000c0000000,0x00000000c06bbb10,0x00000000c4300000)
 Metaspace       used 24076K, committed 24576K, reserved 1114112K
  class space    used 2350K, committed 2624K, reserved 1048576K
}

Dll operation events (9 events):
Event: 0.306 Loaded shared library c:\Users\Lenovo\.vscode\extensions\redhat.java-1.35.1-win32-x64\jre\17.0.12-win32-x86_64\bin\java.dll
Event: 0.770 Loaded shared library c:\Users\Lenovo\.vscode\extensions\redhat.java-1.35.1-win32-x64\jre\17.0.12-win32-x86_64\bin\zip.dll
Event: 0.776 Loaded shared library C:\Users\Lenovo\.vscode\extensions\redhat.java-1.35.1-win32-x64\jre\17.0.12-win32-x86_64\bin\instrument.dll
Event: 0.793 Loaded shared library C:\Users\Lenovo\.vscode\extensions\redhat.java-1.35.1-win32-x64\jre\17.0.12-win32-x86_64\bin\net.dll
Event: 0.798 Loaded shared library C:\Users\Lenovo\.vscode\extensions\redhat.java-1.35.1-win32-x64\jre\17.0.12-win32-x86_64\bin\nio.dll
Event: 0.805 Loaded shared library C:\Users\Lenovo\.vscode\extensions\redhat.java-1.35.1-win32-x64\jre\17.0.12-win32-x86_64\bin\zip.dll
Event: 0.838 Loaded shared library C:\Users\Lenovo\.vscode\extensions\redhat.java-1.35.1-win32-x64\jre\17.0.12-win32-x86_64\bin\jimage.dll
Event: 1.034 Loaded shared library c:\Users\Lenovo\.vscode\extensions\redhat.java-1.35.1-win32-x64\jre\17.0.12-win32-x86_64\bin\verify.dll
Event: 11.679 Loaded shared library C:\Users\Lenovo\AppData\Roaming\Code\User\globalStorage\redhat.java\1.35.1\config_ss_win\org.eclipse.equinox.launcher\org.eclipse.equinox.launcher.win32.win32.x86_64_1.2.1100.v20240722-2106\eclipse_11904.dll

Deoptimization events (20 events):
Event: 14.744 Thread 0x000001f76fe03e10 Uncommon trap: trap_request=0xffffffc6 fr.pc=0x000001f76126f2d4 relative=0x0000000000001d34
Event: 14.744 Thread 0x000001f76fe03e10 Uncommon trap: reason=bimorphic_or_optimized_type_check action=maybe_recompile pc=0x000001f76126f2d4 method=java.io.DataInputStream.readUnsignedShort()I @ 6 c2
Event: 14.744 Thread 0x000001f76fe03e10 DEOPT PACKING pc=0x000001f76126f2d4 sp=0x0000003ff5ef9510
Event: 14.744 Thread 0x000001f76fe03e10 DEOPT UNPACKING pc=0x000001f760c69ea3 sp=0x0000003ff5ef9490 mode 2
Event: 14.744 Thread 0x000001f76fe03e10 Uncommon trap: trap_request=0xffffffc6 fr.pc=0x000001f76126f2d4 relative=0x0000000000001d34
Event: 14.744 Thread 0x000001f76fe03e10 Uncommon trap: reason=bimorphic_or_optimized_type_check action=maybe_recompile pc=0x000001f76126f2d4 method=java.io.DataInputStream.readUnsignedShort()I @ 6 c2
Event: 14.744 Thread 0x000001f76fe03e10 DEOPT PACKING pc=0x000001f76126f2d4 sp=0x0000003ff5ef9510
Event: 14.744 Thread 0x000001f76fe03e10 DEOPT UNPACKING pc=0x000001f760c69ea3 sp=0x0000003ff5ef9490 mode 2
Event: 15.519 Thread 0x000001f76fe03e10 Uncommon trap: trap_request=0xffffff45 fr.pc=0x000001f76128edc8 relative=0x0000000000000788
Event: 15.519 Thread 0x000001f76fe03e10 Uncommon trap: reason=unstable_if action=reinterpret pc=0x000001f76128edc8 method=org.lombokweb.asm.ClassReader.readUTF8(I[C)Ljava/lang/String; @ 11 c2
Event: 15.519 Thread 0x000001f76fe03e10 DEOPT PACKING pc=0x000001f76128edc8 sp=0x0000003ff5eef5e0
Event: 15.519 Thread 0x000001f76fe03e10 DEOPT UNPACKING pc=0x000001f760c69ea3 sp=0x0000003ff5eef5c8 mode 2
Event: 16.471 Thread 0x000001f76fe03e10 Uncommon trap: trap_request=0xffffff45 fr.pc=0x000001f761298d54 relative=0x0000000000000154
Event: 16.471 Thread 0x000001f76fe03e10 Uncommon trap: reason=unstable_if action=reinterpret pc=0x000001f761298d54 method=org.lombokweb.asm.ByteVector.putByteArray([BII)Lorg/lombokweb/asm/ByteVector; @ 20 c2
Event: 16.471 Thread 0x000001f76fe03e10 DEOPT PACKING pc=0x000001f761298d54 sp=0x0000003ff5eeec80
Event: 16.471 Thread 0x000001f76fe03e10 DEOPT UNPACKING pc=0x000001f760c69ea3 sp=0x0000003ff5eeec50 mode 2
Event: 16.471 Thread 0x000001f76fe03e10 Uncommon trap: trap_request=0xffffff45 fr.pc=0x000001f7612996d4 relative=0x0000000000000334
Event: 16.471 Thread 0x000001f76fe03e10 Uncommon trap: reason=unstable_if action=reinterpret pc=0x000001f7612996d4 method=org.lombokweb.asm.Label.resolve([BLorg/lombokweb/asm/ByteVector;I)Z @ 81 c2
Event: 16.471 Thread 0x000001f76fe03e10 DEOPT PACKING pc=0x000001f7612996d4 sp=0x0000003ff5eeed00
Event: 16.471 Thread 0x000001f76fe03e10 DEOPT UNPACKING pc=0x000001f760c69ea3 sp=0x0000003ff5eeec08 mode 2

Classes loaded (20 events):
Event: 15.260 Loading class java/io/StringReader
Event: 15.260 Loading class java/io/StringReader done
Event: 15.262 Loading class java/util/zip/GZIPInputStream
Event: 15.262 Loading class java/util/zip/GZIPInputStream done
Event: 15.275 Loading class java/net/SocketTimeoutException
Event: 15.278 Loading class java/io/InterruptedIOException
Event: 15.278 Loading class java/io/InterruptedIOException done
Event: 15.279 Loading class java/net/SocketTimeoutException done
Event: 15.279 Loading class java/net/SocketException
Event: 15.279 Loading class java/net/SocketException done
Event: 15.279 Loading class java/net/UnknownHostException
Event: 15.279 Loading class java/net/UnknownHostException done
Event: 15.280 Loading class java/net/ProtocolException
Event: 15.280 Loading class java/net/ProtocolException done
Event: 15.489 Loading class java/lang/ThreadLocal$SuppliedThreadLocal
Event: 15.489 Loading class java/lang/ThreadLocal$SuppliedThreadLocal done
Event: 15.497 Loading class java/lang/NegativeArraySizeException
Event: 15.497 Loading class java/lang/NegativeArraySizeException done
Event: 15.504 Loading class java/io/FileWriter
Event: 15.504 Loading class java/io/FileWriter done

Classes unloaded (7 events):
Event: 15.060 Thread 0x000001f76a880580 Unloading class 0x0000000100222400 'java/lang/invoke/LambdaForm$MH+0x0000000100222400'
Event: 15.060 Thread 0x000001f76a880580 Unloading class 0x0000000100222000 'java/lang/invoke/LambdaForm$MH+0x0000000100222000'
Event: 15.060 Thread 0x000001f76a880580 Unloading class 0x0000000100221c00 'java/lang/invoke/LambdaForm$MH+0x0000000100221c00'
Event: 15.060 Thread 0x000001f76a880580 Unloading class 0x0000000100221800 'java/lang/invoke/LambdaForm$MH+0x0000000100221800'
Event: 15.060 Thread 0x000001f76a880580 Unloading class 0x0000000100221400 'java/lang/invoke/LambdaForm$BMH+0x0000000100221400'
Event: 15.060 Thread 0x000001f76a880580 Unloading class 0x0000000100221000 'java/lang/invoke/LambdaForm$DMH+0x0000000100221000'
Event: 15.060 Thread 0x000001f76a880580 Unloading class 0x0000000100218400 'java/lang/invoke/LambdaForm$DMH+0x0000000100218400'

Classes redefined (0 events):
No events

Internal exceptions (20 events):
Event: 14.164 Thread 0x000001f76fe03e10 Exception <a 'java/lang/NoSuchMethodError'{0x00000000ec1cd0a0}: 'java.lang.Object java.lang.invoke.DelegatingMethodHandle$Holder.reinvoke_L(java.lang.Object, java.lang.Object, java.lang.Object, java.lang.Object, int, int)'> (0x00000000ec1cd0a0) 
thrown [s\src\hotspot\share\interpreter\linkResolver.cpp, line 759]
Event: 14.181 Thread 0x000001f76fe03e10 Exception <a 'java/lang/NoSuchMethodError'{0x00000000ec1e18c0}: 'java.lang.Object java.lang.invoke.Invokers$Holder.invokeExact_MT(java.lang.Object, java.lang.Object, java.lang.Object, java.lang.Object)'> (0x00000000ec1e18c0) 
thrown [s\src\hotspot\share\interpreter\linkResolver.cpp, line 759]
Event: 14.494 Thread 0x000001f76fe03e10 Exception <a 'java/io/FileNotFoundException'{0x00000000ec34f3d0}> (0x00000000ec34f3d0) 
thrown [s\src\hotspot\share\prims\jni.cpp, line 516]
Event: 14.495 Thread 0x000001f76fe03e10 Exception <a 'java/io/FileNotFoundException'{0x00000000ec356398}> (0x00000000ec356398) 
thrown [s\src\hotspot\share\prims\jni.cpp, line 516]
Event: 14.746 Thread 0x000001f76fe03e10 Exception <a 'java/lang/NoSuchMethodError'{0x00000000eae54a80}: 'java.lang.Object java.lang.invoke.DirectMethodHandle$Holder.newInvokeSpecial(java.lang.Object, java.lang.Object, java.lang.Object, java.lang.Object, java.lang.Object)'> (0x00000000eae54a80) 
thrown [s\src\hotspot\share\interpreter\linkResolver.cpp, line 759]
Event: 14.830 Thread 0x000001f76fe03e10 Exception <a 'java/lang/NoSuchMethodError'{0x00000000eaf3aad0}: 'java.lang.Object java.lang.invoke.DirectMethodHandle$Holder.invokeSpecial(java.lang.Object, java.lang.Object, java.lang.Object, long, java.lang.Object)'> (0x00000000eaf3aad0) 
thrown [s\src\hotspot\share\interpreter\linkResolver.cpp, line 759]
Event: 14.831 Thread 0x000001f76fe03e10 Exception <a 'java/lang/NoSuchMethodError'{0x00000000eaf42c88}: 'java.lang.Object java.lang.invoke.DirectMethodHandle$Holder.newInvokeSpecial(java.lang.Object, java.lang.Object, java.lang.Object, long)'> (0x00000000eaf42c88) 
thrown [s\src\hotspot\share\interpreter\linkResolver.cpp, line 759]
Event: 14.836 Thread 0x000001f76fe03e10 Exception <a 'java/lang/NoSuchMethodError'{0x00000000eaf47228}: 'java.lang.Object java.lang.invoke.DirectMethodHandle$Holder.invokeSpecial(java.lang.Object, java.lang.Object, java.lang.Object, java.lang.Object, long)'> (0x00000000eaf47228) 
thrown [s\src\hotspot\share\interpreter\linkResolver.cpp, line 759]
Event: 14.837 Thread 0x000001f76fe03e10 Exception <a 'java/lang/NoSuchMethodError'{0x00000000eaf4b0a0}: 'java.lang.Object java.lang.invoke.Invokers$Holder.linkToTargetMethod(java.lang.Object, java.lang.Object, long, java.lang.Object)'> (0x00000000eaf4b0a0) 
thrown [s\src\hotspot\share\interpreter\linkResolver.cpp, line 759]
Event: 14.922 Thread 0x000001f76fe03e10 Exception <a 'java/lang/IncompatibleClassChangeError'{0x00000000eb04a5e8}: Found class java.lang.Object, but interface was expected> (0x00000000eb04a5e8) 
thrown [s\src\hotspot\share\interpreter\linkResolver.cpp, line 826]
Event: 14.922 Thread 0x000001f76fe03e10 Exception <a 'java/lang/NoSuchMethodError'{0x00000000eb04e478}: 'java.lang.Object java.lang.invoke.DirectMethodHandle$Holder.invokeSpecial(java.lang.Object, java.lang.Object, java.lang.Object, int, java.lang.Object, java.lang.Object)'> (0x00000000eb04e478) 
thrown [s\src\hotspot\share\interpreter\linkResolver.cpp, line 759]
Event: 14.923 Thread 0x000001f76fe03e10 Exception <a 'java/lang/NoSuchMethodError'{0x00000000eb056c00}: 'java.lang.Object java.lang.invoke.DirectMethodHandle$Holder.newInvokeSpecial(java.lang.Object, java.lang.Object, java.lang.Object, int, java.lang.Object)'> (0x00000000eb056c00) 
thrown [s\src\hotspot\share\interpreter\linkResolver.cpp, line 759]
Event: 14.923 Thread 0x000001f76fe03e10 Exception <a 'java/lang/NoSuchMethodError'{0x00000000eb070080}: 'java.lang.Object java.lang.invoke.DirectMethodHandle$Holder.invokeSpecial(java.lang.Object, java.lang.Object, java.lang.Object, java.lang.Object, int, java.lang.Object)'> (0x00000000eb070080) 
thrown [s\src\hotspot\share\interpreter\linkResolver.cpp, line 759]
Event: 14.924 Thread 0x000001f770164300 Exception <a 'java/lang/NoSuchMethodError'{0x00000000eafab110}: 'java.lang.Object java.lang.invoke.DirectMethodHandle$Holder.invokeSpecial(java.lang.Object, java.lang.Object, int, java.lang.Object, java.lang.Object)'> (0x00000000eafab110) 
thrown [s\src\hotspot\share\interpreter\linkResolver.cpp, line 759]
Event: 14.925 Thread 0x000001f770164300 Exception <a 'java/lang/NoSuchMethodError'{0x00000000eafb27e0}: 'java.lang.Object java.lang.invoke.DirectMethodHandle$Holder.newInvokeSpecial(java.lang.Object, java.lang.Object, int, java.lang.Object)'> (0x00000000eafb27e0) 
thrown [s\src\hotspot\share\interpreter\linkResolver.cpp, line 759]
Event: 14.925 Thread 0x000001f770164300 Exception <a 'java/lang/NoSuchMethodError'{0x00000000eafb62f0}: 'java.lang.Object java.lang.invoke.DirectMethodHandle$Holder.invokeSpecial(java.lang.Object, java.lang.Object, java.lang.Object, int, java.lang.Object)'> (0x00000000eafb62f0) 
thrown [s\src\hotspot\share\interpreter\linkResolver.cpp, line 759]
Event: 15.130 Thread 0x000001f76fe03e10 Exception <a 'java/lang/NoSuchMethodError'{0x00000000eac0f420}: 'double java.lang.invoke.DirectMethodHandle$Holder.invokeStatic(java.lang.Object, java.lang.Object)'> (0x00000000eac0f420) 
thrown [s\src\hotspot\share\interpreter\linkResolver.cpp, line 759]
Event: 15.131 Thread 0x000001f76fe03e10 Exception <a 'java/lang/NoSuchMethodError'{0x00000000eac12d38}: 'double java.lang.invoke.DirectMethodHandle$Holder.invokeStaticInit(java.lang.Object, java.lang.Object)'> (0x00000000eac12d38) 
thrown [s\src\hotspot\share\interpreter\linkResolver.cpp, line 759]
Event: 16.194 Thread 0x000001f76fe03e10 Exception <a 'java/lang/NoSuchMethodError'{0x00000000ead26f48}: 'int java.lang.invoke.DirectMethodHandle$Holder.invokeStaticInit(java.lang.Object, java.lang.Object, java.lang.Object)'> (0x00000000ead26f48) 
thrown [s\src\hotspot\share\interpreter\linkResolver.cpp, line 759]
Event: 16.471 Thread 0x000001f76fe03e10 Implicit null exception at 0x000001f761298c48 to 0x000001f761298d34

VM Operations (20 events):
Event: 11.825 Executing VM operation: Cleanup
Event: 11.825 Executing VM operation: Cleanup done
Event: 11.860 Executing VM operation: ParallelGCFailedAllocation
Event: 11.865 Executing VM operation: ParallelGCFailedAllocation done
Event: 12.867 Executing VM operation: Cleanup
Event: 12.867 Executing VM operation: Cleanup done
Event: 13.572 Executing VM operation: HandshakeAllThreads
Event: 13.572 Executing VM operation: HandshakeAllThreads done
Event: 14.126 Executing VM operation: HandshakeAllThreads
Event: 14.126 Executing VM operation: HandshakeAllThreads done
Event: 14.126 Executing VM operation: Cleanup
Event: 14.126 Executing VM operation: Cleanup done
Event: 14.512 Executing VM operation: ParallelGCFailedAllocation
Event: 14.522 Executing VM operation: ParallelGCFailedAllocation done
Event: 14.993 Executing VM operation: HandshakeAllThreads
Event: 14.993 Executing VM operation: HandshakeAllThreads done
Event: 15.048 Executing VM operation: CollectForMetadataAllocation
Event: 15.086 Executing VM operation: CollectForMetadataAllocation done
Event: 16.092 Executing VM operation: ParallelGCFailedAllocation
Event: 16.093 Executing VM operation: ParallelGCFailedAllocation done

Events (20 events):
Event: 0.426 Thread 0x000001f756a58d20 Thread added: 0x000001f756a58d20
Event: 0.457 Thread 0x000001f76a897030 Thread added: 0x000001f76a897030
Event: 0.458 Thread 0x000001f76a898520 Thread added: 0x000001f76a898520
Event: 0.517 Thread 0x000001f76fa9c090 Thread added: 0x000001f76fa9c090
Event: 0.543 Thread 0x000001f76fa9c960 Thread added: 0x000001f76fa9c960
Event: 0.543 Thread 0x000001f76fa9fae0 Thread added: 0x000001f76fa9fae0
Event: 0.543 Thread 0x000001f76a8bd710 Thread added: 0x000001f76a8bd710
Event: 0.543 Thread 0x000001f76a8be3c0 Thread added: 0x000001f76a8be3c0
Event: 0.556 Thread 0x000001f76a8de860 Thread added: 0x000001f76a8de860
Event: 0.557 Thread 0x000001f76fae74d0 Thread added: 0x000001f76fae74d0
Event: 0.684 Thread 0x000001f76fbc0220 Thread added: 0x000001f76fbc0220
Event: 1.221 Thread 0x000001f76fddc940 Thread added: 0x000001f76fddc940
Event: 5.178 Thread 0x000001f770518560 Thread added: 0x000001f770518560
Event: 11.658 Thread 0x000001f7704ecfe0 Thread added: 0x000001f7704ecfe0
Event: 11.667 Thread 0x000001f76fe03e10 Thread added: 0x000001f76fe03e10
Event: 11.746 Thread 0x000001f76fe02ba0 Thread added: 0x000001f76fe02ba0
Event: 11.992 Thread 0x000001f76fe8c050 Thread added: 0x000001f76fe8c050
Event: 13.728 Thread 0x000001f7701633d0 Thread added: 0x000001f7701633d0
Event: 14.854 Thread 0x000001f770164300 Thread added: 0x000001f770164300
Event: 14.926 Thread 0x000001f770161a80 Thread added: 0x000001f770161a80


Dynamic libraries:
0x00007ff6b4bb0000 - 0x00007ff6b4bbe000 	c:\Users\Lenovo\.vscode\extensions\redhat.java-1.35.1-win32-x64\jre\17.0.12-win32-x86_64\bin\java.exe
0x00007ff9a21b0000 - 0x00007ff9a23c7000 	C:\WINDOWS\SYSTEM32\ntdll.dll
0x00007ff9490f0000 - 0x00007ff94910a000 	C:\Program Files\Avast Software\Avast\aswhook.dll
0x00007ff9a1460000 - 0x00007ff9a1524000 	C:\WINDOWS\System32\KERNEL32.DLL
0x00007ff99f6a0000 - 0x00007ff99fa57000 	C:\WINDOWS\System32\KERNELBASE.dll
0x00007ff99fdc0000 - 0x00007ff99fed1000 	C:\WINDOWS\System32\ucrtbase.dll
0x00007ff965be0000 - 0x00007ff965bf7000 	c:\Users\Lenovo\.vscode\extensions\redhat.java-1.35.1-win32-x64\jre\17.0.12-win32-x86_64\bin\jli.dll
0x00007ff9a1530000 - 0x00007ff9a16df000 	C:\WINDOWS\System32\USER32.dll
0x00007ff99fc70000 - 0x00007ff99fc96000 	C:\WINDOWS\System32\win32u.dll
0x00007ff9a0090000 - 0x00007ff9a00b9000 	C:\WINDOWS\System32\GDI32.dll
0x00007ff99fca0000 - 0x00007ff99fdb8000 	C:\WINDOWS\System32\gdi32full.dll
0x00007ff99fa60000 - 0x00007ff99fafa000 	C:\WINDOWS\System32\msvcp_win.dll
0x00007ff965bc0000 - 0x00007ff965bdb000 	c:\Users\Lenovo\.vscode\extensions\redhat.java-1.35.1-win32-x64\jre\17.0.12-win32-x86_64\bin\VCRUNTIME140.dll
0x00007ff983840000 - 0x00007ff983ad3000 	C:\WINDOWS\WinSxS\amd64_microsoft.windows.common-controls_6595b64144ccf1df_6.0.22621.3672_none_2713b9d173822955\COMCTL32.dll
0x00007ff9a1b90000 - 0x00007ff9a1c37000 	C:\WINDOWS\System32\msvcrt.dll
0x00007ff9a1f40000 - 0x00007ff9a1f71000 	C:\WINDOWS\System32\IMM32.DLL
0x00007ff9809b0000 - 0x00007ff9809bc000 	c:\Users\Lenovo\.vscode\extensions\redhat.java-1.35.1-win32-x64\jre\17.0.12-win32-x86_64\bin\vcruntime140_1.dll
0x00007ff9623c0000 - 0x00007ff96244d000 	c:\Users\Lenovo\.vscode\extensions\redhat.java-1.35.1-win32-x64\jre\17.0.12-win32-x86_64\bin\msvcp140.dll
0x00007ff8ac670000 - 0x00007ff8ad2da000 	c:\Users\Lenovo\.vscode\extensions\redhat.java-1.35.1-win32-x64\jre\17.0.12-win32-x86_64\bin\server\jvm.dll
0x00007ff9a01c0000 - 0x00007ff9a0272000 	C:\WINDOWS\System32\ADVAPI32.dll
0x00007ff9a20c0000 - 0x00007ff9a2168000 	C:\WINDOWS\System32\sechost.dll
0x00007ff99f670000 - 0x00007ff99f698000 	C:\WINDOWS\System32\bcrypt.dll
0x00007ff9a0a70000 - 0x00007ff9a0b84000 	C:\WINDOWS\System32\RPCRT4.dll
0x00007ff9a1b10000 - 0x00007ff9a1b81000 	C:\WINDOWS\System32\WS2_32.dll
0x00007ff99edf0000 - 0x00007ff99ee3d000 	C:\WINDOWS\SYSTEM32\POWRPROF.dll
0x00007ff998b90000 - 0x00007ff998bc4000 	C:\WINDOWS\SYSTEM32\WINMM.dll
0x00007ff998dc0000 - 0x00007ff998dca000 	C:\WINDOWS\SYSTEM32\VERSION.dll
0x00007ff99edd0000 - 0x00007ff99ede3000 	C:\WINDOWS\SYSTEM32\UMPDC.dll
0x00007ff99e4d0000 - 0x00007ff99e4e8000 	C:\WINDOWS\SYSTEM32\kernel.appcore.dll
0x00007ff965cc0000 - 0x00007ff965cca000 	c:\Users\Lenovo\.vscode\extensions\redhat.java-1.35.1-win32-x64\jre\17.0.12-win32-x86_64\bin\jimage.dll
0x00007ff99cf50000 - 0x00007ff99d182000 	C:\WINDOWS\SYSTEM32\DBGHELP.DLL
0x00007ff9a1770000 - 0x00007ff9a1afe000 	C:\WINDOWS\System32\combase.dll
0x00007ff9a1fe0000 - 0x00007ff9a20b7000 	C:\WINDOWS\System32\OLEAUT32.dll
0x00007ff993d50000 - 0x00007ff993d82000 	C:\WINDOWS\SYSTEM32\dbgcore.DLL
0x00007ff99f580000 - 0x00007ff99f5fb000 	C:\WINDOWS\System32\bcryptPrimitives.dll
0x00007ff9448f0000 - 0x00007ff9448fe000 	c:\Users\Lenovo\.vscode\extensions\redhat.java-1.35.1-win32-x64\jre\17.0.12-win32-x86_64\bin\instrument.dll
0x00007ff95c8a0000 - 0x00007ff95c8c5000 	c:\Users\Lenovo\.vscode\extensions\redhat.java-1.35.1-win32-x64\jre\17.0.12-win32-x86_64\bin\java.dll
0x00007ff9623a0000 - 0x00007ff9623b8000 	c:\Users\Lenovo\.vscode\extensions\redhat.java-1.35.1-win32-x64\jre\17.0.12-win32-x86_64\bin\zip.dll
0x00007ff9a0b90000 - 0x00007ff9a13f9000 	C:\WINDOWS\System32\SHELL32.dll
0x00007ff99d3e0000 - 0x00007ff99dcdf000 	C:\WINDOWS\SYSTEM32\windows.storage.dll
0x00007ff99d2a0000 - 0x00007ff99d3df000 	C:\WINDOWS\SYSTEM32\wintypes.dll
0x00007ff9a00c0000 - 0x00007ff9a01b9000 	C:\WINDOWS\System32\SHCORE.dll
0x00007ff9a1e30000 - 0x00007ff9a1e8e000 	C:\WINDOWS\System32\shlwapi.dll
0x00007ff99f3f0000 - 0x00007ff99f417000 	C:\WINDOWS\SYSTEM32\profapi.dll
0x00007ff944930000 - 0x00007ff944949000 	C:\Users\Lenovo\.vscode\extensions\redhat.java-1.35.1-win32-x64\jre\17.0.12-win32-x86_64\bin\net.dll
0x00007ff999d40000 - 0x00007ff999e76000 	C:\WINDOWS\SYSTEM32\WINHTTP.dll
0x00007ff99e930000 - 0x00007ff99e999000 	C:\WINDOWS\system32\mswsock.dll
0x00007ff944910000 - 0x00007ff944926000 	C:\Users\Lenovo\.vscode\extensions\redhat.java-1.35.1-win32-x64\jre\17.0.12-win32-x86_64\bin\nio.dll
0x00007ff9448d0000 - 0x00007ff9448e0000 	c:\Users\Lenovo\.vscode\extensions\redhat.java-1.35.1-win32-x64\jre\17.0.12-win32-x86_64\bin\verify.dll
0x00007ff8b06b0000 - 0x00007ff8b06f5000 	C:\Users\Lenovo\AppData\Roaming\Code\User\globalStorage\redhat.java\1.35.1\config_ss_win\org.eclipse.equinox.launcher\org.eclipse.equinox.launcher.win32.win32.x86_64_1.2.1100.v20240722-2106\eclipse_11904.dll
0x00007ff99fee0000 - 0x00007ff9a0085000 	C:\WINDOWS\System32\ole32.dll

dbghelp: loaded successfully - version: 4.0.5 - missing functions: none
symbol engine: initialized successfully - sym options: 0x614 - pdb path: .;c:\Users\Lenovo\.vscode\extensions\redhat.java-1.35.1-win32-x64\jre\17.0.12-win32-x86_64\bin;C:\WINDOWS\SYSTEM32;C:\Program Files\Avast Software\Avast;C:\WINDOWS\WinSxS\amd64_microsoft.windows.common-controls_6595b64144ccf1df_6.0.22621.3672_none_2713b9d173822955;c:\Users\Lenovo\.vscode\extensions\redhat.java-1.35.1-win32-x64\jre\17.0.12-win32-x86_64\bin\server;C:\Users\Lenovo\AppData\Roaming\Code\User\globalStorage\redhat.java\1.35.1\config_ss_win\org.eclipse.equinox.launcher\org.eclipse.equinox.launcher.win32.win32.x86_64_1.2.1100.v20240722-2106

VM Arguments:
jvm_args: --add-modules=ALL-SYSTEM --add-opens=java.base/java.util=ALL-UNNAMED --add-opens=java.base/java.lang=ALL-UNNAMED --add-opens=java.base/sun.nio.fs=ALL-UNNAMED -Declipse.application=org.eclipse.jdt.ls.core.id1 -Dosgi.bundles.defaultStartLevel=4 -Declipse.product=org.eclipse.jdt.ls.core.product -Djava.import.generatesMetadataFilesAtProjectRoot=false -DDetectVMInstallationsJob.disabled=true -Dfile.encoding=utf8 -XX:+UseParallelGC -XX:GCTimeRatio=4 -XX:AdaptiveSizePolicyWeight=90 -Dsun.zip.disableMemoryMapping=true -Xmx1G -Xms100m -Xlog:disable -javaagent:c:\Users\Lenovo\.vscode\extensions\redhat.java-1.35.1-win32-x64\lombok\lombok-1.18.33.jar 
java_command: c:\Users\Lenovo\.vscode\extensions\redhat.java-1.35.1-win32-x64\server\plugins\org.eclipse.equinox.launcher_1.6.900.v20240613-2009.jar -configuration c:\Users\Lenovo\AppData\Roaming\Code\User\globalStorage\redhat.java\1.35.1\config_ss_win -data c:\Users\Lenovo\AppData\Roaming\Code\User\workspaceStorage\4c71f82ac7ed1b80c51f72001c6366af\redhat.java\ss_ws --pipe=\\.\pipe\lsp-a8a3223fec1f41faaaba7d2e5632bba9-sock
java_class_path (initial): c:\Users\Lenovo\.vscode\extensions\redhat.java-1.35.1-win32-x64\server\plugins\org.eclipse.equinox.launcher_1.6.900.v20240613-2009.jar
Launcher Type: SUN_STANDARD

[Global flags]
    uintx AdaptiveSizePolicyWeight                 = 90                                        {product} {command line}
     intx CICompilerCount                          = 3                                         {product} {ergonomic}
    uintx GCTimeRatio                              = 4                                         {product} {command line}
   size_t InitialHeapSize                          = 104857600                                 {product} {command line}
   size_t MaxHeapSize                              = 1073741824                                {product} {command line}
   size_t MaxNewSize                               = 357564416                                 {product} {ergonomic}
   size_t MinHeapDeltaBytes                        = 524288                                    {product} {ergonomic}
   size_t MinHeapSize                              = 104857600                                 {product} {command line}
   size_t NewSize                                  = 34603008                                  {product} {ergonomic}
    uintx NonNMethodCodeHeapSize                   = 5832780                                {pd product} {ergonomic}
    uintx NonProfiledCodeHeapSize                  = 122912730                              {pd product} {ergonomic}
   size_t OldSize                                  = 70254592                                  {product} {ergonomic}
    uintx ProfiledCodeHeapSize                     = 122912730                              {pd product} {ergonomic}
    uintx ReservedCodeCacheSize                    = 251658240                              {pd product} {ergonomic}
     bool SegmentedCodeCache                       = true                                      {product} {ergonomic}
   size_t SoftMaxHeapSize                          = 1073741824                             {manageable} {ergonomic}
     bool UseCompressedClassPointers               = true                           {product lp64_product} {ergonomic}
     bool UseCompressedOops                        = true                           {product lp64_product} {ergonomic}
     bool UseLargePagesIndividualAllocation        = false                                  {pd product} {ergonomic}
     bool UseParallelGC                            = true                                      {product} {command line}

Logging:
Log output configuration:
 #0: stdout all=off uptime,level,tags
 #1: stderr all=off uptime,level,tags

Environment Variables:
PATH=C:\app\Lenovo\product\21c\dbhomeXE\bin;C:\Program Files\Common Files\Oracle\Java\javapath;C:\WINDOWS\system32;C:\WINDOWS;C:\WINDOWS\System32\Wbem;C:\WINDOWS\System32\WindowsPowerShell\v1.0\;C:\WINDOWS\System32\OpenSSH\;C:\Program Files\MongoDB\mongosh-1.8.0-win32-x64\mongosh-1.8.0-win32-x64\bin;C:\xampp\php;C:\Program Files\MongoDB\Server\6.0\bin;C:\xampp\mysql\bin;C:\Users\Lenovo\AppData\Local\Pub\Cache\bin;C:\Users\Lenovo\AppData\Roaming\npm;C:\Program Files\nodejs\;C:\Users\Lenovo\AppData\Local\Microsoft\WindowsApps\wt.exe;C:\Program Files\dotnet\;C:\Program Files\Microsoft SQL Server\150\Tools\Binn\;C:\Program Files\Git\cmd;C:\Program Files\Docker\Docker\resources\bin;C:\Program Files (x86)\Microsoft SQL Server\160\DTS\Binn\;C:\Users\Lenovo\AppData\Local\Programs\Microsoft VS Code\bin;D:\FlutterSDK\bin;C:\Users\Lenovo\AppData\Local\Programs\Hyper\resources\bin;C:\Users\Lenovo\AppData\Roaming\npm;C:\Program Files\JetBrains\IntelliJ IDEA 2023.3.4\bin;;D:\PHP\mysql\bin;C:\Users\Lenovo\.dotnet\tools
USERNAME=Lenovo
OS=Windows_NT
PROCESSOR_IDENTIFIER=Intel64 Family 6 Model 140 Stepping 1, GenuineIntel
TMP=C:\Users\Lenovo\AppData\Local\Temp
TEMP=C:\Users\Lenovo\AppData\Local\Temp



Periodic native trim disabled


---------------  S Y S T E M  ---------------

OS:
 Windows 11 , 64 bit Build 22621 (10.0.22621.3958)
OS uptime: 1 days 22:48 hours
Hyper-V role detected

CPU: total 4 (initial active 4) (2 cores per cpu, 2 threads per core) family 6 model 140 stepping 1 microcode 0xb8, cx8, cmov, fxsr, ht, mmx, 3dnowpref, sse, sse2, sse3, ssse3, sse4.1, sse4.2, popcnt, lzcnt, tsc, tscinvbit, avx, avx2, aes, erms, clmul, bmi1, bmi2, adx, avx512f, avx512dq, avx512cd, avx512bw, avx512vl, sha, fma, vzeroupper, avx512_vpopcntdq, avx512_vpclmulqdq, avx512_vaes, avx512_vnni, clflush, clflushopt, clwb, avx512_vbmi2, avx512_vbmi, hv
Processor Information for all 4 processors :
  Max Mhz: 2995, Current Mhz: 2995, Mhz Limit: 2995

Memory: 4k page, system-wide physical 7975M (244M free)
TotalPageFile size 25362M (AvailPageFile size 9M)
current process WorkingSet (physical memory assigned to process): 126M, peak: 126M
current process commit charge ("private bytes"): 219M, peak: 220M

vm_info: OpenJDK 64-Bit Server VM (17.0.12+7) for windows-amd64 JRE (17.0.12+7), built on Jul 16 2024 22:08:24 by "admin" with MS VC++ 16.10 / 16.11 (VS2019)

END.
